[32minfo[39m: Admin registration request received from Kenneth   6:12:am,  1st February  2019,
[32minfo[39m: User registration request received from B   4:11:am,  3rd February  2019,
[32minfo[39m: Name: Bemail: kipkogeichir2@gmail.com has requested registration at 4:11:am,  3rd February  2019,   4:11:am,  3rd February  2019,
[32minfo[39m: User registration request received from A   4:13:am,  3rd February  2019,
[32minfo[39m: Name: Aemail: kipkogeichir2@gmail.com has requested registration at 4:13:am,  3rd February  2019,   4:13:am,  3rd February  2019,
[32minfo[39m: User registration request received from Kenneth   4:19:am,  3rd February  2019,
[32minfo[39m: Name: Kennethemail: kipkogeichirchir2@gmail.com has requested registration at 4:19:am,  3rd February  2019,   4:19:am,  3rd February  2019,
[32minfo[39m: User registration request received from Kenneth   4:20:am,  3rd February  2019,
[32minfo[39m: Name: Kennethemail: kipkogeichirchir2@gmail.com has requested registration at 4:20:am,  3rd February  2019,   4:20:am,  3rd February  2019,
[32minfo[39m: User registration request received from Kenneth   4:21:am,  3rd February  2019,
[32minfo[39m: Name: Kennethemail: kipkogeichirchir2@gmail.com has requested registration at 4:21:am,  3rd February  2019,   4:21:am,  3rd February  2019,
[32minfo[39m: User registration request received from Kenneth   4:23:am,  3rd February  2019,
[32minfo[39m: Name: Kennethemail: kipkogeichirchir2@gmail.com has requested registration at 4:23:am,  3rd February  2019,   4:23:am,  3rd February  2019,
[32minfo[39m: User registration request received from Ken   4:24:am,  3rd February  2019,
[32minfo[39m: Name: Kenemail: kipkogeichirchir2@gmail.com has requested registration at 4:24:am,  3rd February  2019,   4:24:am,  3rd February  2019,
[32minfo[39m: User registration request received from Ken   4:25:am,  3rd February  2019,
[32minfo[39m: Name: Kenemail: kipkogeichirchir2@gmail.com has requested registration at 4:25:am,  3rd February  2019,   4:25:am,  3rd February  2019,
[32minfo[39m: User registration request received from Ch   4:28:am,  3rd February  2019,
[32minfo[39m: Name: Chemail: kipkogeichirchir2@gmail.com has requested registration at 4:28:am,  3rd February  2019,   4:28:am,  3rd February  2019,
[32minfo[39m: User registration request received from Knk   4:31:am,  3rd February  2019,
[32minfo[39m: Name: Knkemail: kipkogeichirchir2@gmail.com has requested registration at 4:31:am,  3rd February  2019,   4:31:am,  3rd February  2019,
[32minfo[39m: User registration request received from Knk   4:33:am,  3rd February  2019,
[32minfo[39m: Name: Knkemail: kipkogeichirchir2@gmail.com has requested registration at 4:33:am,  3rd February  2019,   4:33:am,  3rd February  2019,
[32minfo[39m: Knk has requested for registration   4:33:am,  3rd February  2019,
[32minfo[39m: User registration request received from Knk   4:33:am,  3rd February  2019,
[32minfo[39m: Name: Knkemail: kipkogeichirchir2@gmail.com has requested registration at 4:33:am,  3rd February  2019,   4:33:am,  3rd February  2019,
[32minfo[39m: User registration request received from Kenneth   4:35:am,  3rd February  2019,
[32minfo[39m: Name: Kennethemail: kipkogeichirchir2@gmail.com has requested registration at 4:35:am,  3rd February  2019,   4:35:am,  3rd February  2019,
[32minfo[39m: Kenneth has requested for registration   4:35:am,  3rd February  2019,
[32minfo[39m: User registration request received from Kenneth   4:37:am,  3rd February  2019,
[32minfo[39m: Name: Kennethemail: kipkogeichirchir2@gmail.com has requested registration at 4:37:am,  3rd February  2019,   4:37:am,  3rd February  2019,
[32minfo[39m: Kenneth has requested for registration   4:37:am,  3rd February  2019,
[32minfo[39m: Ken has just logged in  at 4:50:am,  3rd February  2019,,   4:50:am,  3rd February  2019,
[32minfo[39m: Ken has just logged in  at 4:51:am,  3rd February  2019,,   4:51:am,  3rd February  2019,
[32minfo[39m: Ken has just logged in  at 6:14:am,  5th February  2019,,   6:14:am,  5th February  2019,
[32minfo[39m: Ken has just logged in  at 11:59:am,  5th February  2019,,   11:59:am,  5th February  2019,
[32minfo[39m: Ken has just logged in  at 7:48:am,  6th February  2019,,   7:48:am,  6th February  2019,
[32minfo[39m: Ken has just logged in  at 11:16:am,  6th February  2019,,   11:16:am,  6th February  2019,
[32minfo[39m: Ken has just logged in  at 3:51:pm,  6th February  2019,,   3:51:pm,  6th February  2019,
[32minfo[39m: Ken has just logged in  at 5:37:pm,  6th February  2019,,   5:37:pm,  6th February  2019,
[32minfo[39m: Ken has just logged in  at 11:13:am,  7th February  2019,,   11:13:am,  7th February  2019,
[32minfo[39m: Ken has just logged in  at 3:58:pm,  7th February  2019,,   3:58:pm,  7th February  2019,
[32minfo[39m: Ken has just logged in  at 7:06:pm,  7th February  2019,,   7:06:pm,  7th February  2019,
[32minfo[39m: Ken has just logged in  at 7:35:pm,  9th February  2019,,   7:35:pm,  9th February  2019,
[32minfo[39m: Ken has just logged in  at 7:37:pm,  9th February  2019,,   7:37:pm,  9th February  2019,
[32minfo[39m: Ken has just logged in  at 7:43:am,  10th February  2019,,   7:43:am,  10th February  2019,
[32minfo[39m: Ken has just logged in  at 8:56:am,  10th February  2019,,   8:56:am,  10th February  2019,
[32minfo[39m: Ken has just logged in  at 12:09:pm,  10th February  2019,,   12:09:pm,  10th February  2019,
[32minfo[39m: Ken has just logged in  at 12:11:pm,  10th February  2019,,   12:11:pm,  10th February  2019,
[32minfo[39m: Ken has just logged in  at 2:37:pm,  10th February  2019,,   2:37:pm,  10th February  2019,
[32minfo[39m: Ken has just logged in  at 4:44:pm,  10th February  2019,,   4:44:pm,  10th February  2019,
[32minfo[39m: Ken has just logged in  at 4:58:pm,  10th February  2019,,   4:58:pm,  10th February  2019,
[32minfo[39m: Ken has just logged in  at 5:22:pm,  10th February  2019,,   5:22:pm,  10th February  2019,
[32minfo[39m: Ken has just logged in  at 6:25:pm,  11th February  2019,,   6:25:pm,  11th February  2019,
[32minfo[39m: Ken has just logged in  at 1:13:pm,  12th February  2019,,   1:13:pm,  12th February  2019,
[32minfo[39m: Ken has just logged in  at 5:11:pm,  12th February  2019,,   5:11:pm,  12th February  2019,
[32minfo[39m: User registration request received from Chirchir   12:58:pm,  13th February  2019,
[32minfo[39m: Name: Chirchiremail: kipkogeichir2@gmail.com has requested registration at 12:58:pm,  13th February  2019,   12:58:pm,  13th February  2019,
[32minfo[39m: User registration request received from Ken   1:01:pm,  13th February  2019,
[32minfo[39m: Name: Kenemail: kipkogeichir2@gmail.com has requested registration at 1:01:pm,  13th February  2019,   1:01:pm,  13th February  2019,
[32minfo[39m: User registration request received from Ken   1:02:pm,  13th February  2019,
[32minfo[39m: Name: Kenemail: kipkogeichir2@gmail.com has requested registration at 1:02:pm,  13th February  2019,   1:02:pm,  13th February  2019,
[32minfo[39m: User registration request received from Kenne   1:04:pm,  13th February  2019,
[32minfo[39m: Name: Kenneemail: kipkogeichir2@gmail.com has requested registration at 1:04:pm,  13th February  2019,   1:04:pm,  13th February  2019,
[32minfo[39m: User registration request received from Kenneh   1:07:pm,  13th February  2019,
[32minfo[39m: Name: Kennehemail: kipkogeichir2@gmail.com has requested registration at 1:07:pm,  13th February  2019,   1:07:pm,  13th February  2019,
[32minfo[39m: Kenneh has requested for registration   1:07:pm,  13th February  2019,
[32minfo[39m: Ken has just logged in  at 1:27:pm,  13th February  2019,,   1:27:pm,  13th February  2019,
[32minfo[39m: Ken has just logged in  at 10:42:am,  14th February  2019,,   10:42:am,  14th February  2019,
[32minfo[39m: Ken has just logged in  at 7:13:pm,  14th February  2019,,   7:13:pm,  14th February  2019,
[32minfo[39m: Ken has just logged in  at 8:55:pm,  14th February  2019,,   8:55:pm,  14th February  2019,
[32minfo[39m: Ken has just logged in  at 7:40:am,  16th February  2019,,   7:40:am,  16th February  2019,
[32minfo[39m: Ken has just logged in  at 5:34:pm,  18th February  2019,,   5:34:pm,  18th February  2019,
[32minfo[39m: Ken has just logged in  at 6:59:pm,  18th February  2019,,   6:59:pm,  18th February  2019,
[32minfo[39m: Ken has just logged in  at 4:18:am,  19th February  2019,,   4:18:am,  19th February  2019,
[32minfo[39m: Ken has just logged in  at 7:55:am,  19th February  2019,,   7:55:am,  19th February  2019,
[32minfo[39m: Ken has just logged in  at 11:38:am,  19th February  2019,,   11:38:am,  19th February  2019,
[32minfo[39m: User registration request received from Miguel   11:55:am,  19th February  2019,
[32minfo[39m: Name: Miguelemail: miguel@gmail.com has requested registration at 11:55:am,  19th February  2019,   11:55:am,  19th February  2019,
[32minfo[39m: User registration request received from Miguel   11:58:am,  19th February  2019,
[32minfo[39m: Name: Miguelemail: miguel@gmail.com has requested registration at 11:58:am,  19th February  2019,   11:58:am,  19th February  2019,
[32minfo[39m: User registration request received from Miguel   11:59:am,  19th February  2019,
[32minfo[39m: Name: Miguelemail: miguuel@gmail.com has requested registration at 11:59:am,  19th February  2019,   11:59:am,  19th February  2019,
[32minfo[39m: Ken has just logged in  at 12:00:pm,  19th February  2019,,   12:00:pm,  19th February  2019,
[32minfo[39m: Ken has just logged in  at 1:44:pm,  19th February  2019,,   1:44:pm,  19th February  2019,
[32minfo[39m: Ken has just logged in  at 4:08:pm,  20th February  2019,,   4:08:pm,  20th February  2019,
[32minfo[39m: Ken has just logged in  at 7:40:pm,  20th February  2019,,   7:40:pm,  20th February  2019,
[32minfo[39m: Ken has just logged in  at 4:52:am,  21st February  2019,,   4:52:am,  21st February  2019,
[32minfo[39m: Ken has just logged in  at 8:03:am,  21st February  2019,,   8:03:am,  21st February  2019,
[32minfo[39m: Ken has just logged in  at 10:31:am,  21st February  2019,,   10:31:am,  21st February  2019,
[32minfo[39m: Ken has just logged in  at 12:45:pm,  21st February  2019,,   12:45:pm,  21st February  2019,
[32minfo[39m: Ken has just logged in  at 4:55:pm,  21st February  2019,,   4:55:pm,  21st February  2019,
[32minfo[39m: Ken has just logged in  at 9:28:pm,  21st February  2019,,   9:28:pm,  21st February  2019,
[32minfo[39m: Ken has just logged in  at 10:08:am,  22nd February  2019,,   10:08:am,  22nd February  2019,
[32minfo[39m: Ken has just logged in  at 7:55:am,  24th February  2019,,   7:55:am,  24th February  2019,
[32minfo[39m: Ken has just logged in  at 12:43:pm,  24th February  2019,,   12:43:pm,  24th February  2019,
[32minfo[39m: Ken has just logged in  at 3:11:pm,  24th February  2019,,   3:11:pm,  24th February  2019,
[32minfo[39m: Ken has just logged in  at 6:03:pm,  24th February  2019,,   6:03:pm,  24th February  2019,
[32minfo[39m: Ken has just logged in  at 8:07:pm,  24th February  2019,,   8:07:pm,  24th February  2019,
[32minfo[39m: Ken has just logged in  at 6:29:am,  25th February  2019,,   6:29:am,  25th February  2019,
[32minfo[39m: Ken has just logged in  at 6:27:pm,  25th February  2019,,   6:27:pm,  25th February  2019,
[32minfo[39m: Ken has just logged in  at 6:38:pm,  25th February  2019,,   6:38:pm,  25th February  2019,
[32minfo[39m: Ken has just logged in  at 6:11:am,  26th February  2019,,   6:11:am,  26th February  2019,
[32minfo[39m: User registration request received from Jane   7:37:pm,  26th February  2019,
[32minfo[39m: Name: Janeemail: james@gmail.com has requested registration at 7:37:pm,  26th February  2019,   7:37:pm,  26th February  2019,
[32minfo[39m: User registration request received from James   7:39:pm,  26th February  2019,
[32minfo[39m: Name: Jamesemail: j@gmail.com has requested registration at 7:39:pm,  26th February  2019,   7:39:pm,  26th February  2019,
[32minfo[39m: Jane has just logged in  at 7:39:pm,  26th February  2019,,   7:39:pm,  26th February  2019,
[32minfo[39m: Ken has just logged in  at 9:40:pm,  26th February  2019,,   9:40:pm,  26th February  2019,
[32minfo[39m: Ken has just logged in  at 10:59:pm,  26th February  2019,,   10:59:pm,  26th February  2019,
[32minfo[39m: Ken has just logged in  at 11:05:am,  27th February  2019,,   11:05:am,  27th February  2019,
[32minfo[39m: Ken has just logged out  at 12:18:pm, 27th February  2019,   12:18:pm,  27th February  2019,
[32minfo[39m: Ken has just logged in  at 12:19:pm,  27th February  2019,,   12:19:pm,  27th February  2019,
[32minfo[39m: Ken has just logged in  at 3:30:pm,  27th February  2019,,   3:30:pm,  27th February  2019,
[32minfo[39m: Ken has just logged in  at 4:18:am,  1st March  2019,,   4:18:am,  1st March  2019,
[32minfo[39m: Ken has just logged in  at 11:39:am,  1st March  2019,,   11:39:am,  1st March  2019,
[32minfo[39m: Ken has just logged in  at 11:43:am,  1st March  2019,,   11:43:am,  1st March  2019,
[32minfo[39m: Ken has just logged in  at 5:26:pm,  1st March  2019,,   5:26:pm,  1st March  2019,
[32minfo[39m: Ken has just logged in  at 8:34:pm,  1st March  2019,,   8:34:pm,  1st March  2019,
[32minfo[39m: Ken has just logged in  at 5:42:am,  2nd March  2019,,   5:42:am,  2nd March  2019,
